<?xml version="1.0" encoding="UTF-8"?>
<!-- Generated by org.testng.reporters.JUnitReportReporter -->
<testsuite hostname="CELSYSNCROOO117" failures="0" tests="1" name="com.sdet.TC_Login" time="7.930" errors="0" timestamp="2024-10-10T08:56:12 IST" skipped="0">
  <testcase classname="com.sdet.TC_Login" name="login_Test" time="7.930"/>
  <system-out/>
</testsuite> <!-- com.sdet.TC_Login -->
