<?xml version="1.0" encoding="UTF-8"?>
<!-- Generated by org.testng.reporters.JUnitReportReporter -->
<testsuite hostname="CELSYSNCROOO117" failures="0" tests="2" name="com.sdet.AppTest" time="0.017" errors="0" timestamp="2024-10-10T08:56:12 IST" skipped="0">
  <testcase classname="com.sdet.AppTest" name="testlogin2" time="0.000"/>
  <system-out/>
  <testcase classname="com.sdet.AppTest" name="testlogin1" time="0.017"/>
  <system-out/>
</testsuite> <!-- com.sdet.AppTest -->
