<?xml version="1.0" encoding="UTF-8"?>
<!-- Generated by org.testng.reporters.JUnitReportReporter -->
<testsuite hostname="CELSYSNCROOO117" failures="0" tests="1" name="com.sdet.TC_Login" time="7.230" errors="0" timestamp="2024-09-11T21:46:00 IST" skipped="0">
  <testcase classname="com.sdet.TC_Login" name="login_Test" time="7.230"/>
  <system-out/>
</testsuite> <!-- com.sdet.TC_Login -->
